app/build/outputs/logs/manifest-merger-debug-report.txt
-- Merging decision tree log ---
manifest
ADDED from src\main\AndroidManifest.xml:2:1-184:12
	package
		ADDED from src\main\AndroidManifest.xml:3:5-50
		INJECTED from src\main\AndroidManifest.xml
		INJECTED from src\main\AndroidManifest.xml
	android:versionName
		INJECTED from src\main\AndroidManifest.xml
		INJECTED from src\main\AndroidManifest.xml
	xmlns:android
		ADDED from src\main\AndroidManifest.xml:2:11-69
	android:versionCode
		INJECTED from src\main\AndroidManifest.xml
		INJECTED from src\main\AndroidManifest.xml
uses-permission#android.permission.INTERNET
ADDED from src\main\AndroidManifest.xml:6:5-67
	android:name
		ADDED from src\main\AndroidManifest.xml:6:22-64
uses-permission#android.permission.READ_PHONE_STATE
ADDED from src\main\AndroidManifest.xml:7:5-75
	android:name
		ADDED from src\main\AndroidManifest.xml:7:22-72
uses-permission#android.permission.READ_EXTERNAL_STORAGE
ADDED from src\main\AndroidManifest.xml:8:5-80
	android:name
		ADDED from src\main\AndroidManifest.xml:8:22-77
uses-permission#android.permission.WRITE_EXTERNAL_STORAGE
ADDED from src\main\AndroidManifest.xml:9:5-81
	android:name
		ADDED from src\main\AndroidManifest.xml:9:22-78
uses-permission#android.permission.CAMERA
ADDED from src\main\AndroidManifest.xml:10:5-65
	android:name
		ADDED from src\main\AndroidManifest.xml:10:22-62
uses-permission#android.permission.VIBRATE
ADDED from src\main\AndroidManifest.xml:11:5-66
	android:name
		ADDED from src\main\AndroidManifest.xml:11:22-63
uses-permission#android.permission.FLASHLIGHT
ADDED from src\main\AndroidManifest.xml:12:5-69
	android:name
		ADDED from src\main\AndroidManifest.xml:12:22-66
uses-permission#android.permission.READ_CONTACTS
ADDED from src\main\AndroidManifest.xml:13:5-72
	android:name
		ADDED from src\main\AndroidManifest.xml:13:22-69
uses-permission#com.android.browser.permission.READ_HISTORY_BOOKMARKS
ADDED from src\main\AndroidManifest.xml:14:5-93
	android:name
		ADDED from src\main\AndroidManifest.xml:14:22-90
uses-permission#android.permission.CHANGE_WIFI_STATE
ADDED from src\main\AndroidManifest.xml:15:5-76
	android:name
		ADDED from src\main\AndroidManifest.xml:15:22-73
uses-permission#android.permission.ACCESS_WIFI_STATE
ADDED from src\main\AndroidManifest.xml:16:5-76
	android:name
		ADDED from src\main\AndroidManifest.xml:16:22-73
uses-permission#android.permission.RECORD_AUDIO
ADDED from src\main\AndroidManifest.xml:18:5-71
	android:name
		ADDED from src\main\AndroidManifest.xml:18:22-68
uses-feature#android.hardware.camera
ADDED from src\main\AndroidManifest.xml:20:5-22:36
	android:required
		ADDED from src\main\AndroidManifest.xml:22:9-33
	android:name
		ADDED from src\main\AndroidManifest.xml:21:9-47
uses-feature#android.hardware.camera.front
ADDED from src\main\AndroidManifest.xml:23:5-25:36
	android:required
		ADDED from src\main\AndroidManifest.xml:25:9-33
	android:name
		ADDED from src\main\AndroidManifest.xml:24:9-53
uses-feature#android.hardware.camera.autofocus
ADDED from src\main\AndroidManifest.xml:28:5-30:36
	android:required
		ADDED from src\main\AndroidManifest.xml:30:9-33
	android:name
		ADDED from src\main\AndroidManifest.xml:29:9-57
uses-feature#android.hardware.camera.flash
ADDED from src\main\AndroidManifest.xml:31:5-33:36
	android:required
		ADDED from src\main\AndroidManifest.xml:33:9-33
	android:name
		ADDED from src\main\AndroidManifest.xml:32:9-53
uses-feature#android.hardware.screen.landscape
ADDED from src\main\AndroidManifest.xml:34:5-70
	android:name
		ADDED from src\main\AndroidManifest.xml:34:19-67
uses-feature#android.hardware.wifi
ADDED from src\main\AndroidManifest.xml:35:5-37:36
	android:required
		ADDED from src\main\AndroidManifest.xml:37:9-33
	android:name
		ADDED from src\main\AndroidManifest.xml:36:9-45
uses-feature#android.hardware.touchscreen
ADDED from src\main\AndroidManifest.xml:39:5-65
	android:name
		ADDED from src\main\AndroidManifest.xml:39:19-62
supports-screens
ADDED from src\main\AndroidManifest.xml:42:5-47:40
	android:largeScreens
		ADDED from src\main\AndroidManifest.xml:44:9-36
	android:smallScreens
		ADDED from src\main\AndroidManifest.xml:46:9-36
	android:normalScreens
		ADDED from src\main\AndroidManifest.xml:45:9-37
	android:xlargeScreens
		ADDED from src\main\AndroidManifest.xml:47:9-37
	android:anyDensity
		ADDED from src\main\AndroidManifest.xml:43:9-34
application
ADDED from src\main\AndroidManifest.xml:50:5-182:19
MERGED from [com.android.support:appcompat-v7:23.1.1] AndroidManifest.xml:22:5-20
MERGED from [com.android.support:support-v4:23.1.1] AndroidManifest.xml:22:5-20
MERGED from [com.android.support:design:23.1.1] AndroidManifest.xml:22:5-20
MERGED from [com.android.support:appcompat-v7:23.1.1] AndroidManifest.xml:22:5-20
MERGED from [com.android.support:support-v4:23.1.1] AndroidManifest.xml:22:5-20
MERGED from [com.android.support:support-v4:23.1.1] AndroidManifest.xml:22:5-20
MERGED from [com.android.support:support-v4:23.1.1] AndroidManifest.xml:22:5-20
MERGED from [com.android.support:support-v4:23.1.1] AndroidManifest.xml:22:5-20
MERGED from [com.google.android.gms:play-services:6.1.11] AndroidManifest.xml:16:5-19
MERGED from [com.android.support:support-v4:23.1.1] AndroidManifest.xml:22:5-20
	android:label
		ADDED from src\main\AndroidManifest.xml:54:9-41
	android:supportsRtl
		ADDED from src\main\AndroidManifest.xml:55:9-35
	android:allowBackup
		ADDED from src\main\AndroidManifest.xml:52:9-35
	android:icon
		ADDED from src\main\AndroidManifest.xml:53:9-43
	android:theme
		ADDED from src\main\AndroidManifest.xml:56:9-40
	android:name
		ADDED from src\main\AndroidManifest.xml:51:9-46
activity#com.example.administrator.myproject.MainActivity
ADDED from src\main\AndroidManifest.xml:57:9-66:20
	android:label
		ADDED from src\main\AndroidManifest.xml:59:13-45
	android:theme
		ADDED from src\main\AndroidManifest.xml:60:13-56
	android:name
		ADDED from src\main\AndroidManifest.xml:58:13-41
intent-filter#android.intent.action.MAIN+android.intent.category.LAUNCHER
ADDED from src\main\AndroidManifest.xml:61:13-65:29
action#android.intent.action.MAIN
ADDED from src\main\AndroidManifest.xml:62:17-69
	android:name
		ADDED from src\main\AndroidManifest.xml:62:25-66
category#android.intent.category.LAUNCHER
ADDED from src\main\AndroidManifest.xml:64:17-77
	android:name
		ADDED from src\main\AndroidManifest.xml:64:27-74
activity#com.example.administrator.myproject.CustomViewsActivity
ADDED from src\main\AndroidManifest.xml:67:9-66
	android:name
		ADDED from src\main\AndroidManifest.xml:67:19-54
activity#com.example.administrator.myproject.SpeexRecorderActivity
ADDED from src\main\AndroidManifest.xml:68:9-68
	android:name
		ADDED from src\main\AndroidManifest.xml:68:19-56
activity#com.google.zxing.client.android.CaptureActivity
ADDED from src\main\AndroidManifest.xml:70:9-129:20
	android:clearTaskOnLaunch
		ADDED from src\main\AndroidManifest.xml:72:13-45
	android:screenOrientation
		ADDED from src\main\AndroidManifest.xml:73:13-47
	android:stateNotNeeded
		ADDED from src\main\AndroidManifest.xml:74:13-42
	android:windowSoftInputMode
		ADDED from src\main\AndroidManifest.xml:76:13-60
	android:theme
		ADDED from src\main\AndroidManifest.xml:75:13-48
	android:name
		ADDED from src\main\AndroidManifest.xml:71:13-75
intent-filter#android.intent.category.DEFAULT+com.google.zxing.client.android.SCAN
ADDED from src\main\AndroidManifest.xml:77:13-80:29
action#com.google.zxing.client.android.SCAN
ADDED from src\main\AndroidManifest.xml:78:17-79
	android:name
		ADDED from src\main\AndroidManifest.xml:78:25-76
category#android.intent.category.DEFAULT
ADDED from src\main\AndroidManifest.xml:79:17-76
	android:name
		ADDED from src\main\AndroidManifest.xml:79:27-73
intent-filter#android.intent.action.VIEW+android.intent.category.BROWSABLE+android.intent.category.DEFAULT
ADDED from src\main\AndroidManifest.xml:82:13-92:29
action#android.intent.action.VIEW
ADDED from src\main\AndroidManifest.xml:83:17-69
	android:name
		ADDED from src\main\AndroidManifest.xml:83:25-66
category#android.intent.category.BROWSABLE
ADDED from src\main\AndroidManifest.xml:86:17-78
	android:name
		ADDED from src\main\AndroidManifest.xml:86:27-75
data
ADDED from src\main\AndroidManifest.xml:88:17-91:45
	android:path
		ADDED from src\main\AndroidManifest.xml:90:21-41
	android:host
		ADDED from src\main\AndroidManifest.xml:89:21-53
	android:scheme
		ADDED from src\main\AndroidManifest.xml:91:21-42
activity#com.google.zxing.client.android.PreferencesActivity
ADDED from src\main\AndroidManifest.xml:130:9-133:45
	android:label
		ADDED from src\main\AndroidManifest.xml:132:13-53
	android:stateNotNeeded
		ADDED from src\main\AndroidManifest.xml:133:13-42
	android:name
		ADDED from src\main\AndroidManifest.xml:131:13-79
activity#com.google.zxing.client.android.encode.EncodeActivity
ADDED from src\main\AndroidManifest.xml:134:9-153:20
	android:stateNotNeeded
		ADDED from src\main\AndroidManifest.xml:136:13-42
	android:name
		ADDED from src\main\AndroidManifest.xml:135:13-81
intent-filter#android.intent.category.DEFAULT+com.google.zxing.client.android.ENCODE
ADDED from src\main\AndroidManifest.xml:137:13-140:29
action#com.google.zxing.client.android.ENCODE
ADDED from src\main\AndroidManifest.xml:138:17-81
	android:name
		ADDED from src\main\AndroidManifest.xml:138:25-78
intent-filter#android.intent.action.SEND+android.intent.category.DEFAULT
ADDED from src\main\AndroidManifest.xml:142:13-146:29
action#android.intent.action.SEND
ADDED from src\main\AndroidManifest.xml:143:17-69
	android:name
		ADDED from src\main\AndroidManifest.xml:143:25-66
activity#com.google.zxing.client.android.share.ShareActivity
ADDED from src\main\AndroidManifest.xml:154:9-163:20
	android:screenOrientation
		ADDED from src\main\AndroidManifest.xml:156:13-45
	android:stateNotNeeded
		ADDED from src\main\AndroidManifest.xml:158:13-42
	android:theme
		ADDED from src\main\AndroidManifest.xml:157:13-48
	android:name
		ADDED from src\main\AndroidManifest.xml:155:13-79
intent-filter#android.intent.category.DEFAULT+com.google.zxing.client.android.SHARE
ADDED from src\main\AndroidManifest.xml:159:13-162:29
action#com.google.zxing.client.android.SHARE
ADDED from src\main\AndroidManifest.xml:160:17-80
	android:name
		ADDED from src\main\AndroidManifest.xml:160:25-77
activity#com.google.zxing.client.android.history.HistoryActivity
ADDED from src\main\AndroidManifest.xml:164:9-167:45
	android:label
		ADDED from src\main\AndroidManifest.xml:166:13-50
	android:stateNotNeeded
		ADDED from src\main\AndroidManifest.xml:167:13-42
	android:name
		ADDED from src\main\AndroidManifest.xml:165:13-83
activity#com.google.zxing.client.android.share.BookmarkPickerActivity
ADDED from src\main\AndroidManifest.xml:168:9-171:45
	android:label
		ADDED from src\main\AndroidManifest.xml:170:13-57
	android:stateNotNeeded
		ADDED from src\main\AndroidManifest.xml:171:13-42
	android:name
		ADDED from src\main\AndroidManifest.xml:169:13-88
activity#com.google.zxing.client.android.share.AppPickerActivity
ADDED from src\main\AndroidManifest.xml:172:9-175:45
	android:label
		ADDED from src\main\AndroidManifest.xml:174:13-52
	android:stateNotNeeded
		ADDED from src\main\AndroidManifest.xml:175:13-42
	android:name
		ADDED from src\main\AndroidManifest.xml:173:13-83
activity#com.google.zxing.client.android.HelpActivity
ADDED from src\main\AndroidManifest.xml:176:9-180:45
	android:screenOrientation
		ADDED from src\main\AndroidManifest.xml:179:13-45
	android:label
		ADDED from src\main\AndroidManifest.xml:178:13-46
	android:stateNotNeeded
		ADDED from src\main\AndroidManifest.xml:180:13-42
	android:name
		ADDED from src\main\AndroidManifest.xml:177:13-72
uses-sdk
INJECTED from src\main\AndroidManifest.xml reason: use-sdk injection requested
MERGED from [com.android.support:appcompat-v7:23.1.1] AndroidManifest.xml:20:5-43
MERGED from [com.android.support:support-v4:23.1.1] AndroidManifest.xml:20:5-43
MERGED from [com.android.support:design:23.1.1] AndroidManifest.xml:20:5-43
MERGED from [com.android.support:appcompat-v7:23.1.1] AndroidManifest.xml:20:5-43
MERGED from [com.android.support:support-v4:23.1.1] AndroidManifest.xml:20:5-43
MERGED from [com.android.support:recyclerview-v7:23.1.1] AndroidManifest.xml:20:5-43
MERGED from [com.android.support:support-v4:23.1.1] AndroidManifest.xml:20:5-43
MERGED from [com.android.support:support-v4:23.1.1] AndroidManifest.xml:20:5-43
MERGED from [com.android.support:support-v4:23.1.1] AndroidManifest.xml:20:5-43
MERGED from [com.google.android.gms:play-services:6.1.11] AndroidManifest.xml:15:5-42
MERGED from [com.android.support:support-v4:23.1.1] AndroidManifest.xml:20:5-43
MERGED from [com.davemorrissey.labs:subsampling-scale-image-view:3.4.1] AndroidManifest.xml:7:5-9:41
MERGED from [com.yqritc:android-scalablevideoview:1.0.2] AndroidManifest.xml:8:5-10:41
	android:targetSdkVersion
		INJECTED from src\main\AndroidManifest.xml
		INJECTED from src\main\AndroidManifest.xml
	android:minSdkVersion
		INJECTED from src\main\AndroidManifest.xml
		INJECTED from src\main\AndroidManifest.xml